#0 building with "default" instance using docker driver

#1 [internal] load build definition from frontend.Dockerfile
#1 transferring dockerfile:
#1 transferring dockerfile: 1.39kB 0.0s done
#1 DONE 1.9s

#2 [internal] load metadata for docker.io/library/node:20-alpine
#2 DONE 2.2s

#3 [internal] load .dockerignore
#3 transferring context:
#3 transferring context: 311B 0.1s done
#3 DONE 1.8s

#4 [builder 1/6] FROM docker.io/library/node:20-alpine@sha256:09e2b3d9726018aecf269bd35325f46bf75046a643a66d28360ec71132750ec8
#4 resolve docker.io/library/node:20-alpine@sha256:09e2b3d9726018aecf269bd35325f46bf75046a643a66d28360ec71132750ec8 0.8s done
#4 DONE 0.9s

#5 [builder 2/6] WORKDIR /app
#5 CACHED

#6 [production 3/9] RUN addgroup -g 1001 -S nodejs &&    adduser -S nextjs -u 1001
#6 CACHED

#5 [builder 2/6] WORKDIR /app
#5 CACHED

#7 [production 4/9] RUN apk add --no-cache dumb-init
#7 CACHED

#8 [internal] load build context
#8 transferring context: 3.31MB 3.1s
#8 transferring context: 7.50MB 4.3s done
#8 DONE 5.7s

#9 [builder 3/6] COPY package*.json ./
#9 DONE 1.9s

#10 [builder 4/6] RUN npm ci --only=production
#10 22.10 npm warn config only Use `--omit=dev` to omit dev dependencies from the install.
#10 128.9 
#10 128.9 added 45 packages, and audited 46 packages in 2m
#10 128.9 
#10 128.9 14 packages are looking for funding
#10 128.9   run `npm fund` for details
#10 128.9 
#10 128.9 found 0 vulnerabilities
#10 128.9 npm notice
#10 128.9 npm notice New major version of npm available! 10.8.2 -> 11.9.0
#10 128.9 npm notice Changelog: https://github.com/npm/cli/releases/tag/v11.9.0
#10 128.9 npm notice To update run: npm install -g npm@11.9.0
#10 128.9 npm notice
#10 DONE 132.8s

#11 [builder 5/6] COPY . .
#11 DONE 3.7s

#12 [builder 6/6] RUN npm run build
#12 7.960 
#12 7.960 > frontend@0.1.0 build
#12 7.960 > next build
#12 7.960 
#12 14.73 тЪа Installing TypeScript as it was not found while loading "next.config.ts".
#12 15.00 
#12 15.00 Installing devDependencies (npm):
#12 15.00 - typescript
#12 15.00 
#12 49.33 
#12 49.33 added 336 packages, and audited 382 packages in 34s
#12 49.33 
#12 49.33 150 packages are looking for funding
#12 49.33   run `npm fund` for details
#12 49.34 
#12 49.34 found 0 vulnerabilities
#12 49.37 
#12 49.37 тип Failed to load next.config.ts, see more info here https://nextjs.org/docs/messages/next-config-error
#12 49.37 
#12 49.37 > Build error occurred
#12 49.47 Error: Failed to transpile "next.config.ts".
#12 49.47     at ignore-listed frames {
#12 49.47   [cause]: Error: Cannot find module 'typescript'
#12 49.47   Require stack:
#12 49.47   - /app/node_modules/next/dist/build/next-config-ts/transpile-config.js
#12 49.47   - /app/node_modules/next/dist/server/config.js
#12 49.47   - /app/node_modules/next/dist/cli/next-test.js
#12 49.47   - /app/node_modules/next/dist/bin/next
#12 49.47       at ignore-listed frames {
#12 49.47     code: 'MODULE_NOT_FOUND',
#12 49.47     requireStack: [
#12 49.47       '/app/node_modules/next/dist/build/next-config-ts/transpile-config.js',
#12 49.47       '/app/node_modules/next/dist/server/config.js',
#12 49.47       '/app/node_modules/next/dist/cli/next-test.js',
#12 49.47       '/app/node_modules/next/dist/bin/next'
#12 49.47     ]
#12 49.47   }
#12 49.47 }
#12 ERROR: process "/bin/sh -c npm run build" did not complete successfully: exit code: 1
------
 > [builder 6/6] RUN npm run build:
49.47       at ignore-listed frames {
49.47     code: 'MODULE_NOT_FOUND',
49.47     requireStack: [
49.47       '/app/node_modules/next/dist/build/next-config-ts/transpile-config.js',
49.47       '/app/node_modules/next/dist/server/config.js',
49.47       '/app/node_modules/next/dist/cli/next-test.js',
49.47       '/app/node_modules/next/dist/bin/next'
49.47     ]
49.47   }
49.47 }
------
ERROR: failed to build: failed to solve: process "/bin/sh -c npm run build" did not complete successfully: exit code: 1
